<?xml version="1.0" encoding="UTF-8"?>
<!-- Generated by org.testng.reporters.JUnitXMLReporter -->
<testsuite ignored="6" hostname="Avijeet-Desktop" failures="0" tests="1" name="Default test" time="9.658" errors="0" timestamp="2022-07-22T12:50:46 IST">
  <testcase classname="com.testcase.FindFriendsTest" name="verifyBirthdaysLink" time="1.402"/>
  <testcase classname="com.testcase.FindFriendsTest" name="add_friend" time="0.0">
    <ignored/>
  </testcase> <!-- add_friend -->
  <testcase classname="com.testcase.FindFriendsTest" name="confirm_friend" time="0.0">
    <ignored/>
  </testcase> <!-- confirm_friend -->
  <testcase classname="com.testcase.FindFriendsTest" name="verifySuggestionsLink" time="0.0">
    <ignored/>
  </testcase> <!-- verifySuggestionsLink -->
  <testcase classname="com.testcase.FindFriendsTest" name="verifyCustomsLink" time="0.0">
    <ignored/>
  </testcase> <!-- verifyCustomsLink -->
  <testcase classname="com.testcase.FindFriendsTest" name="verifyFindFriendsTitleTest" time="0.0">
    <ignored/>
  </testcase> <!-- verifyFindFriendsTitleTest -->
  <testcase classname="com.testcase.FindFriendsTest" name="verifyFriendRequestLink" time="0.0">
    <ignored/>
  </testcase> <!-- verifyFriendRequestLink -->
</testsuite> <!-- Default test -->
